<?xml version="1.0" encoding="UTF-8"?>
<!-- Generated by org.testng.reporters.JUnitReportReporter -->
<testsuite hostname="DESKTOP-14OQ6FO" failures="0" tests="1" name="com.naveenautomation.test.CheckOutPageTest" time="19.952" errors="0" timestamp="2022-08-24T14:58:54 EDT" skipped="0">
  <testcase classname="com.naveenautomation.test.CheckOutPageTest" name="allButtonTest" time="19.952"/>
  <system-out/>
</testsuite> <!-- com.naveenautomation.test.CheckOutPageTest -->
