<?xml version="1.0" encoding="UTF-8"?>
<!-- Generated by org.testng.reporters.JUnitReportReporter -->
<testsuite hostname="DESKTOP-14OQ6FO" failures="0" tests="1" name="com.naveenautomation.test.RegisterAccountPageTest" time="6.789" errors="0" timestamp="22 Aug. 2022 17:41:53 GMT" skipped="0">
  <testcase classname="com.naveenautomation.test.RegisterAccountPageTest" name="regTest" time="6.789"/>
</testsuite> <!-- com.naveenautomation.test.RegisterAccountPageTest -->
