<?xml version="1.0" encoding="UTF-8"?>
<!-- Generated by org.testng.reporters.JUnitReportReporter -->
<testsuite hostname="DESKTOP-14OQ6FO" failures="0" tests="2" name="com.naveenautomation.test.NaveenHomePageTest" time="10.978" errors="0" timestamp="2022-08-24T14:58:54 EDT" skipped="0">
  <testcase classname="com.naveenautomation.test.NaveenHomePageTest" name="myAccountButtonTest" time="5.124"/>
  <system-out/>
  <testcase classname="com.naveenautomation.test.NaveenHomePageTest" name="loginButtonTest" time="5.854"/>
  <system-out/>
</testsuite> <!-- com.naveenautomation.test.NaveenHomePageTest -->
