<?xml version="1.0" encoding="UTF-8"?>
<!-- Generated by org.testng.reporters.JUnitReportReporter -->
<testsuite hostname="DESKTOP-14OQ6FO" failures="0" tests="2" name="com.naveenautomation.test.PhonesAndPDATest" time="19.411" errors="0" timestamp="2022-08-24T14:58:54 EDT" skipped="0">
  <testcase classname="com.naveenautomation.test.PhonesAndPDATest" name="checkOutClickTest" time="10.707"/>
  <system-out/>
  <testcase classname="com.naveenautomation.test.PhonesAndPDATest" name="addToCartClickTest" time="8.704"/>
  <system-out/>
</testsuite> <!-- com.naveenautomation.test.PhonesAndPDATest -->
