<?xml version="1.0" encoding="UTF-8"?>
<!-- Generated by org.testng.reporters.JUnitReportReporter -->
<testsuite hostname="DESKTOP-14OQ6FO" failures="0" tests="1" name="com.naveenautomation.test.MyAccountPageTest" time="8.806" errors="0" timestamp="2022-08-24T14:58:54 EDT" skipped="0">
  <testcase classname="com.naveenautomation.test.MyAccountPageTest" name="productListPageCheckTest" time="8.806"/>
  <system-out/>
</testsuite> <!-- com.naveenautomation.test.MyAccountPageTest -->
